#
# A fatal error has been detected by the Java Runtime Environment:
#
#  SIGSEGV (0xb) at pc=0x00007fff937ed790, pid=86418, tid=2571
#
# JRE version: Java(TM) SE Runtime Environment (8.0_45-b14) (build 1.8.0_45-b14)
# Java VM: Java HotSpot(TM) 64-Bit Server VM (25.45-b02 mixed mode bsd-amd64 compressed oops)
# Problematic frame:
# C  [GLEngine+0x157790]  gleRunVertexSubmitImmediate+0x3a0
#
# Failed to write core dump. Core dumps have been disabled. To enable core dumping, try "ulimit -c unlimited" before starting Java again
#
# If you would like to submit a bug report, please visit:
#   http://bugreport.java.com/bugreport/crash.jsp
# The crash happened outside the Java Virtual Machine in native code.
# See problematic frame for where to report the bug.
#

---------------  T H R E A D  ---------------

Current thread (0x00007f8322807000):  JavaThread "main" [_thread_in_native, id=2571, stack(0x00007fff53ea2000,0x00007fff546a2000)]

siginfo: si_signo: 11 (SIGSEGV), si_code: 1 (SEGV_MAPERR), si_addr: 0x0000000000000000

Registers:
RAX=0x0000000000000000, RBX=0x00000018000c2d03, RCX=0x0000000000000000, RDX=0x0000000000000000
RSP=0x00007fff5469d210, RBP=0x00007fff5469d4a0, RSI=0x0000000000000000, RDI=0x00007f8324800000
R8 =0x0000000000000000, R9 =0x00007f83217616a0, R10=0x0000000000000003, R11=0x0000000000000003
R12=0x00000000ffffffff, R13=0x00000018000c2d03, R14=0x00007f83217616a0, R15=0x00000000ffffffff
RIP=0x00007fff937ed790, EFLAGS=0x0000000000010203, ERR=0x0000000000000004
  TRAPNO=0x000000000000000e

Top of Stack: (sp=0x00007fff5469d210)
0x00007fff5469d210:   00007f83217568a0 00007f8322183630
0x00007fff5469d220:   00007fff5469d280 0000000126405106
0x00007fff5469d230:   0000000000000000 00007f8322183630
0x00007fff5469d240:   00000000000022c0 0100000125ff684f
0x00007fff5469d250:   0000000100010080 007e7fffffffffe7
0x00007fff5469d260:   00007f8322183630 007e7fffffffffe7
0x00007fff5469d270:   1900efe24c70d271 ffefcfdeffffffff
0x00007fff5469d280:   00007fff5469d420 0000000125ff5ef5
0x00007fff5469d290:   00007f8324800520 00007f8322182800
0x00007fff5469d2a0:   00007f8321545e30 00007f8323152400
0x00007fff5469d2b0:   00007f8322183684 00007f8322182800
0x00007fff5469d2c0:   00007f8322186190 00007f832218618c
0x00007fff5469d2d0:   00007f8323152438 00007f832218c9a0
0x00007fff5469d2e0:   0000200100000000 00007f83248001a0
0x00007fff5469d2f0:   00007f8324800160 00007f8324800180
0x00007fff5469d300:   00007f8324800150 00007fff5469d438
0x00007fff5469d310:   00007f8324800190 00007f8324800170
0x00007fff5469d320:   00007f8324800140 0000000000000000
0x00007fff5469d330:   0000000000000000 00007f8324800190
0x00007fff5469d340:   00007f8324800190 0000000000000000
0x00007fff5469d350:   00007fff5469d3f0 0000000125f0f9e1
0x00007fff5469d360:   00007f8324800520 0000000000000000
0x00007fff5469d370:   0000000000000000 00007f8324800000
0x00007fff5469d380:   00007f8322186510 00000000ffffffff
0x00007fff5469d390:   fffffffe7a000003 0000000010009010
0x00007fff5469d3a0:   7a00000300000000 0000000000000000
0x00007fff5469d3b0:   0000000000000000 0000000000000000
0x00007fff5469d3c0:   1900efe24c70d271 00007f8322186510
0x00007fff5469d3d0:   0000000000001548 00007f8322186510
0x00007fff5469d3e0:   00007f8322183630 0000000000000020
0x00007fff5469d3f0:   00007fff5469d420 0000000125f61cd8
0x00007fff5469d400:   0000000010009010 0000000000000000 

Instructions: (pc=0x00007fff937ed790)
0x00007fff937ed770:   ff ff ff 4c 21 e0 48 89 85 60 ff ff ff eb 31 48
0x00007fff937ed780:   8b 85 68 ff ff ff 48 8b 4d a8 8b 95 70 ff ff ff
0x00007fff937ed790:   03 14 81 48 89 95 60 ff ff ff eb 14 48 8b 45 a8
0x00007fff937ed7a0:   48 89 45 90 66 66 66 2e 0f 1f 84 00 00 00 00 00 

Register to memory mapping:

RAX=0x0000000000000000 is an unknown value
RBX=0x00000018000c2d03 is an unknown value
RCX=0x0000000000000000 is an unknown value
RDX=0x0000000000000000 is an unknown value
RSP=0x00007fff5469d210 is pointing into the stack for thread: 0x00007f8322807000
RBP=0x00007fff5469d4a0 is pointing into the stack for thread: 0x00007f8322807000
RSI=0x0000000000000000 is an unknown value
RDI=0x00007f8324800000 is an unknown value
R8 =0x0000000000000000 is an unknown value
R9 =0x00007f83217616a0 is an unknown value
R10=0x0000000000000003 is an unknown value
R11=0x0000000000000003 is an unknown value
R12=0x00000000ffffffff is an unknown value
R13=0x00000018000c2d03 is an unknown value
R14=0x00007f83217616a0 is an unknown value
R15=0x00000000ffffffff is an unknown value


Stack: [0x00007fff53ea2000,0x00007fff546a2000],  sp=0x00007fff5469d210,  free space=8172k
Native frames: (J=compiled Java code, j=interpreted, Vv=VM code, C=native code)
C  [GLEngine+0x157790]  gleRunVertexSubmitImmediate+0x3a0
C  [GLEngine+0xb9cd6]  glDrawElements_GL3Exec+0x2c4
j  org.lwjgl.opengl.GL11.nglDrawElements(IIIJJ)V+0
j  org.lwjgl.opengl.GL11.nglDrawElements(IIIJ)V+26
j  org.lwjgl.opengl.GL11.glDrawElements(IIIJ)V+17
j  com.moka.graphics.SpriteBatch.render()V+155
j  com.moka.graphics.Renderer.render()V+249
j  com.moka.core.Core.run()V+171
j  com.moka.core.Core.start(I)V+36
j  com.moka.core.Application.start(I)V+12
j  example.Game.main([Ljava/lang/String;)V+152
v  ~StubRoutines::call_stub
V  [libjvm.dylib+0x2e032a]
V  [libjvm.dylib+0x4b4146]
V  [libjvm.dylib+0x4b4660]
V  [libjvm.dylib+0x330500]
j  sun.reflect.NativeMethodAccessorImpl.invoke0(Ljava/lang/reflect/Method;Ljava/lang/Object;[Ljava/lang/Object;)Ljava/lang/Object;+0
j  sun.reflect.NativeMethodAccessorImpl.invoke(Ljava/lang/Object;[Ljava/lang/Object;)Ljava/lang/Object;+100
j  sun.reflect.DelegatingMethodAccessorImpl.invoke(Ljava/lang/Object;[Ljava/lang/Object;)Ljava/lang/Object;+6
j  java.lang.reflect.Method.invoke(Ljava/lang/Object;[Ljava/lang/Object;)Ljava/lang/Object;+56
j  com.intellij.rt.execution.application.AppMain.main([Ljava/lang/String;)V+157
v  ~StubRoutines::call_stub
V  [libjvm.dylib+0x2e032a]
V  [libjvm.dylib+0x316a36]
V  [libjvm.dylib+0x30f7b0]
C  [java+0x39ae]  JavaMain+0x9b1
C  [java+0x560c]  -[JavaLaunchHelper launchJava:]+0x2a
C  [Foundation+0x7754e]  __NSThreadPerformPerform+0x117
C  [CoreFoundation+0xaa621]  __CFRUNLOOP_IS_CALLING_OUT_TO_A_SOURCE0_PERFORM_FUNCTION__+0x11
C  [CoreFoundation+0x89e1c]  __CFRunLoopDoSources0+0x22c
C  [CoreFoundation+0x8933f]  __CFRunLoopRun+0x39f
C  [CoreFoundation+0x88d38]  CFRunLoopRunSpecific+0x128
C  [java+0x6490]  CreateExecutionEnvironment+0x367
C  [java+0x221c]  JLI_Launch+0x7a0
C  [java+0x84ed]  main+0x65
C  [java+0x1a74]  start+0x34
C  0x000000000000000a

Java frames: (J=compiled Java code, j=interpreted, Vv=VM code)
j  org.lwjgl.opengl.GL11.nglDrawElements(IIIJJ)V+0
j  org.lwjgl.opengl.GL11.nglDrawElements(IIIJ)V+26
j  org.lwjgl.opengl.GL11.glDrawElements(IIIJ)V+17
j  com.moka.graphics.SpriteBatch.render()V+155
j  com.moka.graphics.Renderer.render()V+249
j  com.moka.core.Core.run()V+171
j  com.moka.core.Core.start(I)V+36
j  com.moka.core.Application.start(I)V+12
j  example.Game.main([Ljava/lang/String;)V+152
v  ~StubRoutines::call_stub
j  sun.reflect.NativeMethodAccessorImpl.invoke0(Ljava/lang/reflect/Method;Ljava/lang/Object;[Ljava/lang/Object;)Ljava/lang/Object;+0
j  sun.reflect.NativeMethodAccessorImpl.invoke(Ljava/lang/Object;[Ljava/lang/Object;)Ljava/lang/Object;+100
j  sun.reflect.DelegatingMethodAccessorImpl.invoke(Ljava/lang/Object;[Ljava/lang/Object;)Ljava/lang/Object;+6
j  java.lang.reflect.Method.invoke(Ljava/lang/Object;[Ljava/lang/Object;)Ljava/lang/Object;+56
j  com.intellij.rt.execution.application.AppMain.main([Ljava/lang/String;)V+157
v  ~StubRoutines::call_stub

---------------  P R O C E S S  ---------------

Java Threads: ( => current thread )
  0x00007f8321871000 JavaThread "Monitor Ctrl-Break" daemon [_thread_in_native, id=18947, stack(0x0000700000f47000,0x0000700001047000)]
  0x00007f8323045800 JavaThread "Service Thread" daemon [_thread_blocked, id=17923, stack(0x0000700000d41000,0x0000700000e41000)]
  0x00007f832303a800 JavaThread "C1 CompilerThread2" daemon [_thread_blocked, id=17411, stack(0x0000700000c3e000,0x0000700000d3e000)]
  0x00007f8323038800 JavaThread "C2 CompilerThread1" daemon [_thread_blocked, id=16899, stack(0x0000700000b3b000,0x0000700000c3b000)]
  0x00007f8321848000 JavaThread "C2 CompilerThread0" daemon [_thread_blocked, id=16387, stack(0x0000700000a38000,0x0000700000b38000)]
  0x00007f8321847800 JavaThread "Signal Dispatcher" daemon [_thread_blocked, id=13071, stack(0x0000700000935000,0x0000700000a35000)]
  0x00007f8323009000 JavaThread "Finalizer" daemon [_thread_blocked, id=12291, stack(0x000070000072c000,0x000070000082c000)]
  0x00007f8323008800 JavaThread "Reference Handler" daemon [_thread_blocked, id=11779, stack(0x0000700000629000,0x0000700000729000)]
=>0x00007f8322807000 JavaThread "main" [_thread_in_native, id=2571, stack(0x00007fff53ea2000,0x00007fff546a2000)]

Other Threads:
  0x00007f8322827000 VMThread [stack: 0x0000700000526000,0x0000700000626000] [id=11267]
  0x00007f8323046000 WatcherThread [stack: 0x0000700000e44000,0x0000700000f44000] [id=18435]

VM state:not at safepoint (normal execution)

VM Mutex/Monitor currently owned by a thread: None

Heap:
 PSYoungGen      total 38400K, used 25467K [0x0000000795580000, 0x0000000798000000, 0x00000007c0000000)
  eden space 33280K, 76% used [0x0000000795580000,0x0000000796e5eed0,0x0000000797600000)
  from space 5120K, 0% used [0x0000000797b00000,0x0000000797b00000,0x0000000798000000)
  to   space 5120K, 0% used [0x0000000797600000,0x0000000797600000,0x0000000797b00000)
 ParOldGen       total 87552K, used 0K [0x0000000740000000, 0x0000000745580000, 0x0000000795580000)
  object space 87552K, 0% used [0x0000000740000000,0x0000000740000000,0x0000000745580000)
 Metaspace       used 9338K, capacity 9430K, committed 9600K, reserved 1058816K
  class space    used 848K, capacity 881K, committed 896K, reserved 1048576K

Card table byte_map: [0x000000011c35e000,0x000000011c75f000] byte_map_base: 0x000000011895e000

Marking Bits: (ParMarkBitMap*) 0x000000010c8c27a0
 Begin Bits: [0x000000011ca0a000, 0x000000011ea0a000)
 End Bits:   [0x000000011ea0a000, 0x0000000120a0a000)

Polling page: 0x000000010b7ed000

CodeCache: size=245760Kb used=2754Kb max_used=2754Kb free=243005Kb
 bounds [0x000000010cf9e000, 0x000000010d25e000, 0x000000011bf9e000]
 total_blobs=1152 nmethods=572 adapters=494
 compilation: enabled

Compilation events (10 events):
Event: 1.165 Thread 0x00007f832303a800  567       3       com.moka.components.TileMap::setTile (15 bytes)
Event: 1.165 Thread 0x00007f832303a800 nmethod 567 0x000000010d248090 code [0x000000010d248200, 0x000000010d248390]
Event: 1.835 Thread 0x00007f832303a800  568       1       com.moka.core.Application::getDisplay (5 bytes)
Event: 1.835 Thread 0x00007f832303a800 nmethod 568 0x000000010d247bd0 code [0x000000010d247d20, 0x000000010d247e30]
Event: 1.835 Thread 0x00007f832303a800  571       3       com.moka.graphics.Display::getWindow (5 bytes)
Event: 1.836 Thread 0x00007f832303a800 nmethod 571 0x000000010d247890 code [0x000000010d2479e0, 0x000000010d247b30]
Event: 1.836 Thread 0x00007f832303a800  569       3       com.moka.core.SubEngine::getDisplay (8 bytes)
Event: 1.836 Thread 0x00007f832303a800 nmethod 569 0x000000010d247510 code [0x000000010d247680, 0x000000010d2477f0]
Event: 1.836 Thread 0x00007f832303a800  570       3       com.moka.input.Input::getWindow (8 bytes)
Event: 1.836 Thread 0x00007f832303a800 nmethod 570 0x000000010d24ff50 code [0x000000010d2500c0, 0x000000010d2503f0]

GC Heap History (0 events):
No events

Deoptimization events (5 events):
Event: 0.205 Thread 0x00007f8322807000 Uncommon trap: reason=unstable_if action=reinterpret pc=0x000000010d0c1fa8 method=java.lang.String.hashCode()I @ 14
Event: 0.384 Thread 0x00007f8322807000 Uncommon trap: reason=unstable_if action=reinterpret pc=0x000000010d111820 method=java.lang.String.indexOf([CII[CIII)I @ 134
Event: 0.576 Thread 0x00007f8322807000 Uncommon trap: reason=unstable_if action=reinterpret pc=0x000000010d136514 method=sun.misc.URLClassPath.getLoader(I)Lsun/misc/URLClassPath$Loader; @ 36
Event: 0.577 Thread 0x00007f8322807000 Uncommon trap: reason=unstable_if action=reinterpret pc=0x000000010d13377c method=sun.misc.URLClassPath.getLoader(I)Lsun/misc/URLClassPath$Loader; @ 36
Event: 0.577 Thread 0x00007f8322807000 Uncommon trap: reason=unstable_if action=reinterpret pc=0x000000010d14c0e4 method=sun.misc.MetaIndex.mayContain(Ljava/lang/String;)Z @ 13

Internal exceptions (6 events):
Event: 0.079 Thread 0x00007f8322807000 Exception <a 'java/lang/NoSuchMethodError': Method sun.misc.Unsafe.defineClass(Ljava/lang/String;[BII)Ljava/lang/Class; name or signature does not match> (0x0000000795592db0) thrown at [/Users/java_re/workspace/8-2-build-macosx-x86_64/jdk8u45/3457/hotspot
Event: 0.079 Thread 0x00007f8322807000 Exception <a 'java/lang/NoSuchMethodError': Method sun.misc.Unsafe.prefetchRead(Ljava/lang/Object;J)V name or signature does not match> (0x0000000795593040) thrown at [/Users/java_re/workspace/8-2-build-macosx-x86_64/jdk8u45/3457/hotspot/src/share/vm/prim
Event: 0.578 Thread 0x00007f8322807000 Exception <a 'java/security/PrivilegedActionException'> (0x0000000795df0d80) thrown at [/Users/java_re/workspace/8-2-build-macosx-x86_64/jdk8u45/3457/hotspot/src/share/vm/prims/jvm.cpp, line 1382]
Event: 0.578 Thread 0x00007f8322807000 Exception <a 'java/security/PrivilegedActionException'> (0x0000000795df10c8) thrown at [/Users/java_re/workspace/8-2-build-macosx-x86_64/jdk8u45/3457/hotspot/src/share/vm/prims/jvm.cpp, line 1382]
Event: 0.578 Thread 0x00007f8322807000 Exception <a 'java/security/PrivilegedActionException'> (0x0000000795df45d8) thrown at [/Users/java_re/workspace/8-2-build-macosx-x86_64/jdk8u45/3457/hotspot/src/share/vm/prims/jvm.cpp, line 1382]
Event: 0.579 Thread 0x00007f8322807000 Exception <a 'java/security/PrivilegedActionException'> (0x0000000795df4920) thrown at [/Users/java_re/workspace/8-2-build-macosx-x86_64/jdk8u45/3457/hotspot/src/share/vm/prims/jvm.cpp, line 1382]

Events (10 events):
Event: 1.834 loading class java/util/Arrays$LegacyMergeSort
Event: 1.834 loading class java/util/Arrays$LegacyMergeSort done
Event: 1.834 loading class java/util/ComparableTimSort
Event: 1.834 loading class java/util/ComparableTimSort done
Event: 1.834 loading class org/jbox2d/dynamics/joints/Joint
Event: 1.834 loading class org/jbox2d/dynamics/joints/Joint done
Event: 1.834 loading class org/jbox2d/dynamics/contacts/Velocity
Event: 1.834 loading class org/jbox2d/dynamics/contacts/Velocity done
Event: 1.835 loading class org/jbox2d/dynamics/contacts/Position
Event: 1.835 loading class org/jbox2d/dynamics/contacts/Position done


Dynamic libraries:
0x0000000001e68000 	/System/Library/Frameworks/Cocoa.framework/Versions/A/Cocoa
0x0000000001e68000 	/System/Library/Frameworks/Security.framework/Versions/A/Security
0x0000000001e68000 	/System/Library/Frameworks/ApplicationServices.framework/Versions/A/ApplicationServices
0x0000000001e68000 	/usr/lib/libz.1.dylib
0x0000000001e68000 	/usr/lib/libSystem.B.dylib
0x0000000001e68000 	/usr/lib/libobjc.A.dylib
0x0000000001e68000 	/System/Library/Frameworks/CoreFoundation.framework/Versions/A/CoreFoundation
0x0000000001e68000 	/System/Library/Frameworks/Foundation.framework/Versions/C/Foundation
0x0000000001e68000 	/System/Library/Frameworks/AppKit.framework/Versions/C/AppKit
0x0000000001e68000 	/System/Library/Frameworks/CoreData.framework/Versions/A/CoreData
0x0000000001e68000 	/System/Library/PrivateFrameworks/RemoteViewServices.framework/Versions/A/RemoteViewServices
0x0000000001e68000 	/System/Library/PrivateFrameworks/UIFoundation.framework/Versions/A/UIFoundation
0x0000000001e68000 	/usr/lib/libScreenReader.dylib
0x0000000001e68000 	/System/Library/Frameworks/Accelerate.framework/Versions/A/Accelerate
0x0000000001e68000 	/System/Library/Frameworks/IOSurface.framework/Versions/A/IOSurface
0x0000000001e68000 	/System/Library/Frameworks/AudioToolbox.framework/Versions/A/AudioToolbox
0x0000000001e68000 	/System/Library/Frameworks/AudioUnit.framework/Versions/A/AudioUnit
0x0000000001e68000 	/System/Library/PrivateFrameworks/DataDetectorsCore.framework/Versions/A/DataDetectorsCore
0x0000000001e68000 	/System/Library/PrivateFrameworks/DesktopServicesPriv.framework/Versions/A/DesktopServicesPriv
0x0000000001e68000 	/System/Library/Frameworks/Carbon.framework/Versions/A/Frameworks/HIToolbox.framework/Versions/A/HIToolbox
0x0000000001e68000 	/System/Library/Frameworks/QuartzCore.framework/Versions/A/QuartzCore
0x0000000001e68000 	/System/Library/Frameworks/Carbon.framework/Versions/A/Frameworks/SpeechRecognition.framework/Versions/A/SpeechRecognition
0x0000000001e68000 	/usr/lib/libauto.dylib
0x0000000001e68000 	/usr/lib/libicucore.A.dylib
0x0000000001e68000 	/usr/lib/libxml2.2.dylib
0x0000000001e68000 	/System/Library/PrivateFrameworks/CoreUI.framework/Versions/A/CoreUI
0x0000000001e68000 	/System/Library/Frameworks/CoreAudio.framework/Versions/A/CoreAudio
0x0000000001e68000 	/System/Library/Frameworks/DiskArbitration.framework/Versions/A/DiskArbitration
0x0000000001e68000 	/usr/lib/liblangid.dylib
0x0000000001e68000 	/System/Library/PrivateFrameworks/MultitouchSupport.framework/Versions/A/MultitouchSupport
0x0000000001e68000 	/System/Library/Frameworks/IOKit.framework/Versions/A/IOKit
0x0000000001e68000 	/usr/lib/libDiagnosticMessagesClient.dylib
0x0000000001e68000 	/System/Library/Frameworks/CoreServices.framework/Versions/A/CoreServices
0x0000000001e68000 	/System/Library/PrivateFrameworks/PerformanceAnalysis.framework/Versions/A/PerformanceAnalysis
0x0000000001e68000 	/System/Library/PrivateFrameworks/GenerationalStorage.framework/Versions/A/GenerationalStorage
0x0000000001e68000 	/System/Library/Frameworks/OpenGL.framework/Versions/A/OpenGL
0x0000000001e68000 	/System/Library/PrivateFrameworks/Sharing.framework/Versions/A/Sharing
0x0000000001e68000 	/System/Library/Frameworks/CoreGraphics.framework/Versions/A/CoreGraphics
0x0000000001e68000 	/System/Library/Frameworks/CoreImage.framework/Versions/A/CoreImage
0x0000000001e68000 	/System/Library/Frameworks/CoreText.framework/Versions/A/CoreText
0x0000000001e68000 	/System/Library/Frameworks/ImageIO.framework/Versions/A/ImageIO
0x0000000001e68000 	/System/Library/PrivateFrameworks/Backup.framework/Versions/A/Backup
0x0000000001e68000 	/usr/lib/libextension.dylib
0x0000000001e68000 	/usr/lib/libarchive.2.dylib
0x0000000001e68000 	/System/Library/Frameworks/CFNetwork.framework/Versions/A/CFNetwork
0x0000000001e68000 	/System/Library/Frameworks/SystemConfiguration.framework/Versions/A/SystemConfiguration
0x0000000001e68000 	/usr/lib/libCRFSuite.dylib
0x0000000001e68000 	/usr/lib/libc++.1.dylib
0x0000000001e68000 	/usr/lib/libc++abi.dylib
0x0000000001e68000 	/usr/lib/system/libcache.dylib
0x0000000001e68000 	/usr/lib/system/libcommonCrypto.dylib
0x0000000001e68000 	/usr/lib/system/libcompiler_rt.dylib
0x0000000001e68000 	/usr/lib/system/libcopyfile.dylib
0x0000000001e68000 	/usr/lib/system/libcorecrypto.dylib
0x0000000001e68000 	/usr/lib/system/libdispatch.dylib
0x0000000001e68000 	/usr/lib/system/libdyld.dylib
0x0000000001e68000 	/usr/lib/system/libkeymgr.dylib
0x0000000001e68000 	/usr/lib/system/liblaunch.dylib
0x0000000001e68000 	/usr/lib/system/libmacho.dylib
0x0000000001e68000 	/usr/lib/system/libquarantine.dylib
0x0000000001e68000 	/usr/lib/system/libremovefile.dylib
0x0000000001e68000 	/usr/lib/system/libsystem_asl.dylib
0x0000000001e68000 	/usr/lib/system/libsystem_blocks.dylib
0x0000000001e68000 	/usr/lib/system/libsystem_c.dylib
0x0000000001e68000 	/usr/lib/system/libsystem_configuration.dylib
0x0000000001e68000 	/usr/lib/system/libsystem_coreservices.dylib
0x0000000001e68000 	/usr/lib/system/libsystem_coretls.dylib
0x0000000001e68000 	/usr/lib/system/libsystem_dnssd.dylib
0x0000000001e68000 	/usr/lib/system/libsystem_info.dylib
0x0000000001e68000 	/usr/lib/system/libsystem_kernel.dylib
0x0000000001e68000 	/usr/lib/system/libsystem_m.dylib
0x0000000001e68000 	/usr/lib/system/libsystem_malloc.dylib
0x0000000001e68000 	/usr/lib/system/libsystem_network.dylib
0x0000000001e68000 	/usr/lib/system/libsystem_networkextension.dylib
0x0000000001e68000 	/usr/lib/system/libsystem_notify.dylib
0x0000000001e68000 	/usr/lib/system/libsystem_platform.dylib
0x0000000001e68000 	/usr/lib/system/libsystem_pthread.dylib
0x0000000001e68000 	/usr/lib/system/libsystem_sandbox.dylib
0x0000000001e68000 	/usr/lib/system/libsystem_secinit.dylib
0x0000000001e68000 	/usr/lib/system/libsystem_trace.dylib
0x0000000001e68000 	/usr/lib/system/libunc.dylib
0x0000000001e68000 	/usr/lib/system/libunwind.dylib
0x0000000001e68000 	/usr/lib/system/libxpc.dylib
0x0000000001e68000 	/usr/lib/libenergytrace.dylib
0x0000000001e68000 	/usr/lib/libbsm.0.dylib
0x0000000001e68000 	/usr/lib/system/libkxld.dylib
0x0000000001e68000 	/usr/lib/libxar.1.dylib
0x0000000001e68000 	/usr/lib/libsqlite3.dylib
0x0000000001e68000 	/usr/lib/libpam.2.dylib
0x0000000001e68000 	/usr/lib/libOpenScriptingUtil.dylib
0x0000000001e68000 	/usr/lib/libbz2.1.0.dylib
0x0000000001e68000 	/usr/lib/liblzma.5.dylib
0x0000000001e68000 	/System/Library/Frameworks/CoreServices.framework/Versions/A/Frameworks/FSEvents.framework/Versions/A/FSEvents
0x0000000001e68000 	/System/Library/Frameworks/CoreServices.framework/Versions/A/Frameworks/CarbonCore.framework/Versions/A/CarbonCore
0x0000000001e68000 	/System/Library/Frameworks/CoreServices.framework/Versions/A/Frameworks/Metadata.framework/Versions/A/Metadata
0x0000000001e68000 	/System/Library/Frameworks/CoreServices.framework/Versions/A/Frameworks/OSServices.framework/Versions/A/OSServices
0x0000000001e68000 	/System/Library/Frameworks/CoreServices.framework/Versions/A/Frameworks/SearchKit.framework/Versions/A/SearchKit
0x0000000001e68000 	/System/Library/Frameworks/CoreServices.framework/Versions/A/Frameworks/AE.framework/Versions/A/AE
0x0000000001e68000 	/System/Library/Frameworks/CoreServices.framework/Versions/A/Frameworks/LaunchServices.framework/Versions/A/LaunchServices
0x0000000001e68000 	/System/Library/Frameworks/CoreServices.framework/Versions/A/Frameworks/DictionaryServices.framework/Versions/A/DictionaryServices
0x0000000001e68000 	/System/Library/Frameworks/CoreServices.framework/Versions/A/Frameworks/SharedFileList.framework/Versions/A/SharedFileList
0x0000000001e68000 	/System/Library/Frameworks/NetFS.framework/Versions/A/NetFS
0x0000000001e68000 	/System/Library/PrivateFrameworks/NetAuth.framework/Versions/A/NetAuth
0x0000000001e68000 	/System/Library/PrivateFrameworks/login.framework/Versions/A/Frameworks/loginsupport.framework/Versions/A/loginsupport
0x0000000001e68000 	/System/Library/PrivateFrameworks/TCC.framework/Versions/A/TCC
0x0000000001e68000 	/usr/lib/libmecabra.dylib
0x0000000001e68000 	/System/Library/Frameworks/ApplicationServices.framework/Versions/A/Frameworks/ATS.framework/Versions/A/ATS
0x0000000001e68000 	/System/Library/Frameworks/ApplicationServices.framework/Versions/A/Frameworks/ColorSync.framework/Versions/A/ColorSync
0x0000000001e68000 	/System/Library/Frameworks/ApplicationServices.framework/Versions/A/Frameworks/HIServices.framework/Versions/A/HIServices
0x0000000001e68000 	/System/Library/Frameworks/ApplicationServices.framework/Versions/A/Frameworks/LangAnalysis.framework/Versions/A/LangAnalysis
0x0000000001e68000 	/System/Library/Frameworks/ApplicationServices.framework/Versions/A/Frameworks/PrintCore.framework/Versions/A/PrintCore
0x0000000001e68000 	/System/Library/Frameworks/ApplicationServices.framework/Versions/A/Frameworks/QD.framework/Versions/A/QD
0x0000000001e68000 	/System/Library/Frameworks/ApplicationServices.framework/Versions/A/Frameworks/SpeechSynthesis.framework/Versions/A/SpeechSynthesis
0x0000000001e68000 	/System/Library/Frameworks/Metal.framework/Versions/A/Metal
0x0000000001e68000 	/System/Library/Frameworks/Accelerate.framework/Versions/A/Frameworks/vImage.framework/Versions/A/vImage
0x0000000001e68000 	/System/Library/Frameworks/Accelerate.framework/Versions/A/Frameworks/vecLib.framework/Versions/A/vecLib
0x0000000001e68000 	/System/Library/Frameworks/Accelerate.framework/Versions/A/Frameworks/vecLib.framework/Versions/A/libvDSP.dylib
0x0000000001e68000 	/System/Library/Frameworks/Accelerate.framework/Versions/A/Frameworks/vecLib.framework/Versions/A/libvMisc.dylib
0x0000000001e68000 	/System/Library/Frameworks/Accelerate.framework/Versions/A/Frameworks/vecLib.framework/Versions/A/libLAPACK.dylib
0x0000000001e68000 	/System/Library/Frameworks/Accelerate.framework/Versions/A/Frameworks/vecLib.framework/Versions/A/libBLAS.dylib
0x0000000001e68000 	/System/Library/Frameworks/Accelerate.framework/Versions/A/Frameworks/vecLib.framework/Versions/A/libLinearAlgebra.dylib
0x0000000001e68000 	/System/Library/Frameworks/Accelerate.framework/Versions/A/Frameworks/vecLib.framework/Versions/A/libSparseBLAS.dylib
0x0000000001e68000 	/System/Library/PrivateFrameworks/GPUCompiler.framework/libmetal_timestamp.dylib
0x0000000001e68000 	/System/Library/Frameworks/OpenGL.framework/Versions/A/Libraries/libCoreFSCache.dylib
0x0000000001e68000 	/System/Library/PrivateFrameworks/IOAccelerator.framework/Versions/A/IOAccelerator
0x0000000001e68000 	/System/Library/Frameworks/ApplicationServices.framework/Versions/A/Frameworks/ATS.framework/Versions/A/Resources/libFontParser.dylib
0x0000000001e68000 	/System/Library/Frameworks/ApplicationServices.framework/Versions/A/Frameworks/ATS.framework/Versions/A/Resources/libFontRegistry.dylib
0x0000000001e68000 	/System/Library/PrivateFrameworks/AppleVPA.framework/Versions/A/AppleVPA
0x0000000001e68000 	/System/Library/PrivateFrameworks/AppleJPEG.framework/Versions/A/AppleJPEG
0x0000000001e68000 	/System/Library/Frameworks/ImageIO.framework/Versions/A/Resources/libJPEG.dylib
0x0000000001e68000 	/System/Library/Frameworks/ImageIO.framework/Versions/A/Resources/libTIFF.dylib
0x0000000001e68000 	/System/Library/Frameworks/ImageIO.framework/Versions/A/Resources/libPng.dylib
0x0000000001e68000 	/System/Library/Frameworks/ImageIO.framework/Versions/A/Resources/libGIF.dylib
0x0000000001e68000 	/System/Library/Frameworks/ImageIO.framework/Versions/A/Resources/libJP2.dylib
0x0000000001e68000 	/System/Library/Frameworks/ImageIO.framework/Versions/A/Resources/libRadiance.dylib
0x0000000001e68000 	/System/Library/Frameworks/CoreVideo.framework/Versions/A/CoreVideo
0x0000000001e68000 	/System/Library/Frameworks/OpenGL.framework/Versions/A/Libraries/libGLU.dylib
0x0000000001e68000 	/System/Library/Frameworks/OpenGL.framework/Versions/A/Libraries/libGFXShared.dylib
0x0000000001e68000 	/System/Library/Frameworks/OpenGL.framework/Versions/A/Libraries/libGL.dylib
0x0000000001e68000 	/System/Library/Frameworks/OpenGL.framework/Versions/A/Libraries/libGLImage.dylib
0x0000000001e68000 	/System/Library/Frameworks/OpenGL.framework/Versions/A/Libraries/libCVMSPluginSupport.dylib
0x0000000001e68000 	/System/Library/Frameworks/OpenGL.framework/Versions/A/Libraries/libCoreVMClient.dylib
0x0000000001e68000 	/usr/lib/libcups.2.dylib
0x0000000001e68000 	/System/Library/Frameworks/Kerberos.framework/Versions/A/Kerberos
0x0000000001e68000 	/System/Library/Frameworks/GSS.framework/Versions/A/GSS
0x0000000001e68000 	/usr/lib/libresolv.9.dylib
0x0000000001e68000 	/usr/lib/libiconv.2.dylib
0x0000000001e68000 	/System/Library/PrivateFrameworks/Heimdal.framework/Versions/A/Heimdal
0x0000000001e68000 	/usr/lib/libheimdal-asn1.dylib
0x0000000001e68000 	/System/Library/Frameworks/OpenDirectory.framework/Versions/A/OpenDirectory
0x0000000001e68000 	/System/Library/PrivateFrameworks/CommonAuth.framework/Versions/A/CommonAuth
0x0000000001e68000 	/System/Library/Frameworks/OpenDirectory.framework/Versions/A/Frameworks/CFOpenDirectory.framework/Versions/A/CFOpenDirectory
0x0000000001e68000 	/System/Library/Frameworks/SecurityFoundation.framework/Versions/A/SecurityFoundation
0x0000000001e68000 	/System/Library/PrivateFrameworks/LanguageModeling.framework/Versions/A/LanguageModeling
0x0000000001e68000 	/usr/lib/libmarisa.dylib
0x0000000001e68000 	/usr/lib/libChineseTokenizer.dylib
0x0000000001e68000 	/usr/lib/libcmph.dylib
0x0000000001e68000 	/usr/lib/libcompression.dylib
0x0000000001e68000 	/System/Library/Frameworks/ServiceManagement.framework/Versions/A/ServiceManagement
0x0000000001e68000 	/usr/lib/libxslt.1.dylib
0x0000000001e68000 	/System/Library/Frameworks/Carbon.framework/Versions/A/Frameworks/Ink.framework/Versions/A/Ink
0x0000000001e68000 	/usr/lib/libFosl_dynamic.dylib
0x0000000001e68000 	/System/Library/PrivateFrameworks/FaceCore.framework/Versions/A/FaceCore
0x0000000001e68000 	/System/Library/Frameworks/OpenCL.framework/Versions/A/OpenCL
0x0000000001e68000 	/System/Library/PrivateFrameworks/CrashReporterSupport.framework/Versions/A/CrashReporterSupport
0x0000000001e68000 	/System/Library/PrivateFrameworks/IconServices.framework/Versions/A/IconServices
0x0000000001e68000 	/System/Library/PrivateFrameworks/Apple80211.framework/Versions/A/Apple80211
0x0000000001e68000 	/System/Library/Frameworks/CoreWLAN.framework/Versions/A/CoreWLAN
0x0000000001e68000 	/System/Library/Frameworks/IOBluetooth.framework/Versions/A/IOBluetooth
0x0000000001e68000 	/System/Library/PrivateFrameworks/CoreWiFi.framework/Versions/A/CoreWiFi
0x0000000001e68000 	/System/Library/Frameworks/CoreBluetooth.framework/Versions/A/CoreBluetooth
0x0000000001e68000 	/System/Library/PrivateFrameworks/ChunkingLibrary.framework/Versions/A/ChunkingLibrary
0x0000000001e68000 	/System/Library/PrivateFrameworks/DebugSymbols.framework/Versions/A/DebugSymbols
0x0000000001e68000 	/System/Library/PrivateFrameworks/CoreSymbolication.framework/Versions/A/CoreSymbolication
0x0000000001e68000 	/System/Library/PrivateFrameworks/Symbolication.framework/Versions/A/Symbolication
0x0000000001e68000 	/System/Library/PrivateFrameworks/SpeechRecognitionCore.framework/Versions/A/SpeechRecognitionCore
0x000000010c000000 	/Library/Java/JavaVirtualMachines/jdk1.8.0_45.jdk/Contents/Home/jre/lib/server/libjvm.dylib
0x0000000001e68000 	/usr/lib/libstdc++.6.dylib
0x000000010b7df000 	/Library/Java/JavaVirtualMachines/jdk1.8.0_45.jdk/Contents/Home/jre/lib/libverify.dylib
0x000000010cf69000 	/Library/Java/JavaVirtualMachines/jdk1.8.0_45.jdk/Contents/Home/jre/lib/libjava.dylib
0x000000010b7f6000 	/Library/Java/JavaVirtualMachines/jdk1.8.0_45.jdk/Contents/Home/jre/lib/libzip.dylib
0x0000000122900000 	/System/Library/Frameworks/JavaVM.framework/Frameworks/JavaRuntimeSupport.framework/JavaRuntimeSupport
0x000000012291b000 	/System/Library/Frameworks/JavaVM.framework/Versions/A/Frameworks/JavaNativeFoundation.framework/Versions/A/JavaNativeFoundation
0x0000000122930000 	/System/Library/Frameworks/JavaVM.framework/Versions/A/JavaVM
0x0000000001e68000 	/System/Library/Frameworks/Carbon.framework/Versions/A/Carbon
0x000000012293d000 	/System/Library/PrivateFrameworks/JavaLaunching.framework/Versions/A/JavaLaunching
0x0000000001e68000 	/System/Library/Frameworks/Carbon.framework/Versions/A/Frameworks/CommonPanels.framework/Versions/A/CommonPanels
0x0000000001e68000 	/System/Library/Frameworks/Carbon.framework/Versions/A/Frameworks/Help.framework/Versions/A/Help
0x0000000001e68000 	/System/Library/Frameworks/Carbon.framework/Versions/A/Frameworks/ImageCapture.framework/Versions/A/ImageCapture
0x0000000001e68000 	/System/Library/Frameworks/Carbon.framework/Versions/A/Frameworks/OpenScripting.framework/Versions/A/OpenScripting
0x0000000001e68000 	/System/Library/Frameworks/Carbon.framework/Versions/A/Frameworks/Print.framework/Versions/A/Print
0x0000000001e68000 	/System/Library/Frameworks/Carbon.framework/Versions/A/Frameworks/SecurityHI.framework/Versions/A/SecurityHI
0x000000012439a000 	/Applications/IntelliJ IDEA 14.app/Contents/bin/libbreakgen64.jnilib
0x000000012439d000 	/Library/Java/JavaVirtualMachines/jdk1.8.0_45.jdk/Contents/Home/jre/lib/libnet.dylib
0x0000000124514000 	/Users/mijara/Git/jmoka-engine/native/liblwjgl.dylib
0x0000000001e68000 	/System/Library/PrivateFrameworks/CoreServicesInternal.framework/Versions/A/CoreServicesInternal
0x0000000001e68000 	/System/Library/PrivateFrameworks/FamilyControls.framework/Versions/A/FamilyControls
0x0000000001e68000 	/System/Library/PrivateFrameworks/CommerceKit.framework/Versions/A/Frameworks/CommerceCore.framework/Versions/A/CommerceCore
0x0000000001e68000 	/System/Library/PrivateFrameworks/SystemAdministration.framework/Versions/A/SystemAdministration
0x0000000001e68000 	/System/Library/PrivateFrameworks/AppContainer.framework/Versions/A/AppContainer
0x0000000001e68000 	/System/Library/PrivateFrameworks/SecCodeWrapper.framework/Versions/A/SecCodeWrapper
0x0000000001e68000 	/System/Library/Frameworks/DirectoryService.framework/Versions/A/DirectoryService
0x0000000001e68000 	/System/Library/PrivateFrameworks/DiskImages.framework/Versions/A/DiskImages
0x0000000001e68000 	/System/Library/PrivateFrameworks/LoginUIKit.framework/Versions/A/Frameworks/LoginUICore.framework/Versions/A/LoginUICore
0x0000000001e68000 	/usr/lib/libCoreStorage.dylib
0x0000000001e68000 	/usr/lib/libcsfde.dylib
0x0000000001e68000 	/usr/lib/libodfde.dylib
0x0000000001e68000 	/System/Library/Frameworks/DiscRecording.framework/Versions/A/DiscRecording
0x0000000001e68000 	/usr/lib/libcurl.4.dylib
0x0000000001e68000 	/System/Library/PrivateFrameworks/MediaKit.framework/Versions/A/MediaKit
0x0000000001e68000 	/System/Library/PrivateFrameworks/ProtectedCloudStorage.framework/Versions/A/ProtectedCloudStorage
0x0000000001e68000 	/System/Library/PrivateFrameworks/EFILogin.framework/Versions/A/EFILogin
0x0000000001e68000 	/usr/lib/libutil.dylib
0x0000000001e68000 	/System/Library/PrivateFrameworks/FindMyDevice.framework/Versions/A/FindMyDevice
0x0000000001e68000 	/System/Library/Frameworks/LDAP.framework/Versions/A/LDAP
0x0000000001e68000 	/usr/lib/libsasl2.2.dylib
0x0000000001e68000 	/System/Library/PrivateFrameworks/CoreDaemon.framework/Versions/B/CoreDaemon
0x0000000001e68000 	/usr/lib/libcrypto.0.9.8.dylib
0x0000000001e68000 	/System/Library/PrivateFrameworks/AppleSRP.framework/Versions/A/AppleSRP
0x0000000001e68000 	/System/Library/PrivateFrameworks/TrustEvaluationAgent.framework/Versions/A/TrustEvaluationAgent
0x0000000001e68000 	/System/Library/Frameworks/CoreGraphics.framework/Versions/A/Resources/libCGXType.A.dylib
0x0000000001e68000 	/System/Library/Frameworks/OpenGL.framework/Versions/A/Resources/GLEngine.bundle/GLEngine
0x0000000001e68000 	/System/Library/Frameworks/OpenGL.framework/Versions/A/Libraries/libGLProgrammability.dylib
0x0000000125f09000 	/System/Library/Extensions/AppleIntelHD5000GraphicsGLDriver.bundle/Contents/MacOS/AppleIntelHD5000GraphicsGLDriver
0x0000000001e68000 	/System/Library/PrivateFrameworks/GPUSupport.framework/Versions/A/Libraries/libGPUSupportMercury.dylib
0x0000000001e68000 	/System/Library/Frameworks/OpenGL.framework/Versions/A/Resources/GLRendererFloat.bundle/GLRendererFloat
0x0000000001e68000 	/System/Library/Frameworks/OpenCL.framework/Versions/A/Libraries/libcldcpuengine.dylib
0x0000000127868000 	/Library/Java/JavaVirtualMachines/jdk1.8.0_45.jdk/Contents/Home/jre/lib/libnio.dylib

VM Arguments:
jvm_args: -Djava.library.path=/Users/mijara/Git/jmoka-engine/native -Didea.launcher.port=7538 -Didea.launcher.bin.path=/Applications/IntelliJ IDEA 14.app/Contents/bin -Dfile.encoding=UTF-8 
java_command: com.intellij.rt.execution.application.AppMain example.Game
java_class_path (initial): /Library/Java/JavaVirtualMachines/jdk1.8.0_45.jdk/Contents/Home/lib/ant-javafx.jar:/Library/Java/JavaVirtualMachines/jdk1.8.0_45.jdk/Contents/Home/lib/dt.jar:/Library/Java/JavaVirtualMachines/jdk1.8.0_45.jdk/Contents/Home/lib/javafx-mx.jar:/Library/Java/JavaVirtualMachines/jdk1.8.0_45.jdk/Contents/Home/lib/jconsole.jar:/Library/Java/JavaVirtualMachines/jdk1.8.0_45.jdk/Contents/Home/lib/packager.jar:/Library/Java/JavaVirtualMachines/jdk1.8.0_45.jdk/Contents/Home/lib/sa-jdi.jar:/Library/Java/JavaVirtualMachines/jdk1.8.0_45.jdk/Contents/Home/lib/tools.jar:/Library/Java/JavaVirtualMachines/jdk1.8.0_45.jdk/Contents/Home/jre/lib/charsets.jar:/Library/Java/JavaVirtualMachines/jdk1.8.0_45.jdk/Contents/Home/jre/lib/deploy.jar:/Library/Java/JavaVirtualMachines/jdk1.8.0_45.jdk/Contents/Home/jre/lib/javaws.jar:/Library/Java/JavaVirtualMachines/jdk1.8.0_45.jdk/Contents/Home/jre/lib/jce.jar:/Library/Java/JavaVirtualMachines/jdk1.8.0_45.jdk/Contents/Home/jre/lib/jfr.jar:/Library/Java/JavaVirtualMachines/jdk1.8.0_45.jdk/Contents/Home/jre/lib/jfxswt.jar:/Library/Java/JavaVirtualMachines/jdk1.8.0_45.jdk/Contents/Home/jre/lib/jsse.jar:/Library/Java/JavaVirtualMachines/jdk1.8.0_45.jdk/Contents/Home/jre/lib/management-agent.jar:/Library/Java/JavaVirtualMachines/jdk1.8.0_45.jdk/Contents/Home/jre/lib/plugin.jar:/Library/Java/JavaVirtualMachines/jdk1.8.0_45.jdk/Contents/Home/jre/lib/resources.jar:/Library/Java/JavaVirtualMachines/jdk1.8.0_45.jdk/Contents/Home/jre/lib/rt.jar:/Library/Java/JavaVirtualMachines/jdk1.8.0_45.jdk/Contents/Home/jre/lib/ext/cldrdata.jar:/Library/Java/JavaVirtualMachines/jdk1.8.0_45.jdk/Contents/Home/jre/lib/ext/dnsns.jar:/Library/Java/JavaVirtualMachines/jdk1.8.0_45.jdk/Contents/Home/jre/lib/ext/jfxrt.jar:/Library/Java/JavaVirtualMachines/jdk1.8.0_45.jdk/Contents/Home/jre/lib/ext/localedata.jar:/Library/Java/JavaVirtualMachines/jdk1.8.0_45.jdk/Contents/Home/jre/lib/ext/nashorn.jar:/Library/Java/JavaVirtualMachines/jdk1.8.0_45.jdk/Conten
Launcher Type: SUN_STANDARD

Environment Variables:
PATH=/opt/local/bin:/opt/local/sbin:/Users/mijara/Documents/Vendor-Utils/android-sdk/tools:/Users/mijara/Documents/Vendor-Utils/android-sdk/platform-tools:/Users/mijara/Documents/Vendor-Utils/android-sdk:/Users/mijara/Documents/Vendor-Utils/Cocos2d/templates:/Users/mijara/Documents/Vendor-Utils/Cocos2d/tools/cocos2d-console/bin:/opt/local/bin:/opt/local/sbin:/usr/local/bin:/usr/bin:/bin:/usr/sbin:/sbin:/opt/X11/bin:/Library/TeX/texbin:/Users/mijara/Documents/Vendor-Utils/grails-3.0.8/bin
SHELL=/bin/bash
DISPLAY=/private/tmp/com.apple.launchd.CdtKkt3pxK/org.macosforge.xquartz:0

Signal Handlers:
SIGSEGV: [libjvm.dylib+0x58ef95], sa_mask[0]=11111111011111110111111111111111, sa_flags=SA_ONSTACK|SA_RESTART|SA_SIGINFO
SIGBUS: [libjvm.dylib+0x58ef95], sa_mask[0]=11111111011111110111111111111111, sa_flags=SA_RESTART|SA_SIGINFO
SIGFPE: [libjvm.dylib+0x46c108], sa_mask[0]=11111111011111110111111111111111, sa_flags=SA_RESTART|SA_SIGINFO
SIGPIPE: [libjvm.dylib+0x46c108], sa_mask[0]=11111111011111110111111111111111, sa_flags=SA_RESTART|SA_SIGINFO
SIGXFSZ: [libjvm.dylib+0x46c108], sa_mask[0]=11111111011111110111111111111111, sa_flags=SA_RESTART|SA_SIGINFO
SIGILL: [libjvm.dylib+0x46c108], sa_mask[0]=11111111011111110111111111111111, sa_flags=SA_RESTART|SA_SIGINFO
SIGUSR1: SIG_DFL, sa_mask[0]=00000000000000000000000000000000, sa_flags=none
SIGUSR2: [libjvm.dylib+0x46bc26], sa_mask[0]=00100000000000000000000000000000, sa_flags=SA_RESTART|SA_SIGINFO
SIGHUP: [libjvm.dylib+0x46a1f9], sa_mask[0]=11111111011111110111111111111111, sa_flags=SA_RESTART|SA_SIGINFO
SIGINT: [libjvm.dylib+0x46a1f9], sa_mask[0]=11111111011111110111111111111111, sa_flags=SA_RESTART|SA_SIGINFO
SIGTERM: [libjvm.dylib+0x46a1f9], sa_mask[0]=11111111011111110111111111111111, sa_flags=SA_RESTART|SA_SIGINFO
SIGQUIT: [libjvm.dylib+0x46a1f9], sa_mask[0]=11111111011111110111111111111111, sa_flags=SA_RESTART|SA_SIGINFO


---------------  S Y S T E M  ---------------

OS:Bsduname:Darwin 15.0.0 Darwin Kernel Version 15.0.0: Wed Aug 26 16:57:32 PDT 2015; root:xnu-3247.1.106~1/RELEASE_X86_64 x86_64
rlimit: STACK 8192k, CORE 0k, NPROC 709, NOFILE 10240, AS infinity
load average:2.12 2.43 1.97

CPU:total 4 (2 cores per cpu, 2 threads per core) family 6 model 69 stepping 1, cmov, cx8, fxsr, mmx, sse, sse2, sse3, ssse3, sse4.1, sse4.2, popcnt, avx, avx2, aes, clmul, erms, lzcnt, ht, tsc, tscinvbit, bmi1, bmi2

Memory: 4k page, physical 8388608k(1165480k free)

/proc/meminfo:


vm_info: Java HotSpot(TM) 64-Bit Server VM (25.45-b02) for bsd-amd64 JRE (1.8.0_45-b14), built on Apr 10 2015 10:46:38 by "java_re" with gcc 4.2.1 (Based on Apple Inc. build 5658) (LLVM build 2336.11.00)

time: Mon Oct 19 15:26:17 2015
elapsed time: 1 seconds (0d 0h 0m 1s)

